18 행: Calendar1 컨트롤의 MSACAL.Calendar 클래스는 로드한 컨트롤 클래스가 아닙니다.
94 행: MainTime 컨트롤의 FPUSpreadADO.fpSpread 클래스는 로드한 컨트롤 클래스가 아닙니다.
116 행: Basicspread 컨트롤의 FPUSpreadADO.fpSpread 클래스는 로드한 컨트롤 클래스가 아닙니다.
24 행: Calendar1의 _Version 속성 이름이 잘못되었습니다. 
25 행: Calendar1의 _ExtentX 속성 이름이 잘못되었습니다. 
26 행: Calendar1의 _ExtentY 속성 이름이 잘못되었습니다. 
27 행: Calendar1의 _StockProps 속성 이름이 잘못되었습니다. 
29 행: Calendar1의 Year 속성 이름이 잘못되었습니다. 
30 행: Calendar1의 Month 속성 이름이 잘못되었습니다. 
31 행: Calendar1의 Day 속성 이름이 잘못되었습니다. 
32 행: Calendar1의 DayLength 속성 이름이 잘못되었습니다. 
33 행: Calendar1의 MonthLength 속성 이름이 잘못되었습니다. 
34 행: Calendar1의 DayFontColor 속성 이름이 잘못되었습니다. 
35 행: Calendar1의 FirstDay 속성 이름이 잘못되었습니다. 
36 행: Calendar1의 GridCellEffect 속성 이름이 잘못되었습니다. 
37 행: Calendar1의 GridFontColor 속성 이름이 잘못되었습니다. 
38 행: Calendar1의 GridLinesColor 속성 이름이 잘못되었습니다. 
39 행: Calendar1의 ShowDateSelectors 속성 이름이 잘못되었습니다. 
40 행: Calendar1의 ShowDays 속성 이름이 잘못되었습니다. 
41 행: Calendar1의 ShowHorizontalGrid 속성 이름이 잘못되었습니다. 
42 행: Calendar1의 ShowTitle 속성 이름이 잘못되었습니다. 
43 행: Calendar1의 ShowVerticalGrid 속성 이름이 잘못되었습니다. 
44 행: Calendar1의 TitleFontColor 속성 이름이 잘못되었습니다. 
45 행: Calendar1의 ValueIsNull 속성 이름이 잘못되었습니다. 
54 행: Calendar1의 DayFont 속성 이름이 잘못되었습니다. 
63 행: Calendar1의 GridFont 속성 이름이 잘못되었습니다. 
72 행: Calendar1의 TitleFont 속성 이름이 잘못되었습니다. 
100 행: MainTime의 _Version 속성 이름이 잘못되었습니다. 
101 행: MainTime의 _ExtentX 속성 이름이 잘못되었습니다. 
102 행: MainTime의 _ExtentY 속성 이름이 잘못되었습니다. 
103 행: MainTime의 _StockProps 속성 이름이 잘못되었습니다. 
113 행: MainTime의 ScrollBars 속성 이름이 잘못되었습니다. 
114 행: MainTime의 SpreadDesigner 속성 이름이 잘못되었습니다. 
122 행: Basicspread의 _Version 속성 이름이 잘못되었습니다. 
123 행: Basicspread의 _ExtentX 속성 이름이 잘못되었습니다. 
124 행: Basicspread의 _ExtentY 속성 이름이 잘못되었습니다. 
125 행: Basicspread의 _StockProps 속성 이름이 잘못되었습니다. 
135 행: Basicspread의 ScrollBars 속성 이름이 잘못되었습니다. 
136 행: Basicspread의 SpreadDesigner 속성 이름이 잘못되었습니다. 
